{"name": "test_remove_electronics_from_cart_by_index", "status": "broken", "statusDetails": {"message": "selenium.common.exceptions.SessionNotCreatedException: Message: session not created\nfrom chrome not reachable; For documentation on this error, please visit: https://www.selenium.dev/documentation/webdriver/troubleshooting/errors#sessionnotcreatedexception\nStacktrace:\nSymbols not available. Dumping unresolved backtrace:\n\t0x7ff6dd61f3d5\n\t0x7ff6dd61f430\n\t0x7ff6dd3c0ea6\n\t0x7ff6dd3b1744\n\t0x7ff6dd407f1b\n\t0x7ff6dd402482\n\t0x7ff6dd3fcf99\n\t0x7ff6dd454091\n\t0x7ff6dd4538f6\n\t0x7ff6dd40cb0c\n\t0x7ff6dd40da53\n\t0x7ff6dd8fb470\n\t0x7ff6dd8f586d\n\t0x7ff6dd91621a\n\t0x7ff6dd63b235\n\t0x7ff6dd643a5c\n\t0x7ff6dd628844\n\t0x7ff6dd6289f6\n\t0x7ff6dd60eb87\n\t0x7ffcdcd2e8d7\n\t0x7ffcddbec40c", "trace": "conftest.py:12: in driver\n    driver = get_driver()\n             ^^^^^^^^^^^^\nutilities\\driver_factory.py:48: in get_driver\n    driver = webdriver.Chrome(options=options)\n             ^^^^^^^^^^^^^^^^^^^^^^^^^^^^^^^^^\n.venv\\Lib\\site-packages\\selenium\\webdriver\\chrome\\webdriver.py:45: in __init__\n    super().__init__(\n.venv\\Lib\\site-packages\\selenium\\webdriver\\chromium\\webdriver.py:66: in __init__\n    super().__init__(command_executor=executor, options=self.options)\n.venv\\Lib\\site-packages\\selenium\\webdriver\\common\\webdriver.py:25: in __init__\n    super().__init__(*args, **kwargs)\n.venv\\Lib\\site-packages\\selenium\\webdriver\\remote\\webdriver.py:257: in __init__\n    self.start_session(capabilities)\n.venv\\Lib\\site-packages\\selenium\\webdriver\\remote\\webdriver.py:352: in start_session\n    response = self.execute(Command.NEW_SESSION, caps)[\"value\"]\n               ^^^^^^^^^^^^^^^^^^^^^^^^^^^^^^^^^^^^^^^\n.venv\\Lib\\site-packages\\selenium\\webdriver\\remote\\webdriver.py:432: in execute\n    self.error_handler.check_response(response)\n.venv\\Lib\\site-packages\\selenium\\webdriver\\remote\\errorhandler.py:232: in check_response\n    raise exception_class(message, screen, stacktrace)\nE   selenium.common.exceptions.SessionNotCreatedException: Message: session not created\nE   from chrome not reachable; For documentation on this error, please visit: https://www.selenium.dev/documentation/webdriver/troubleshooting/errors#sessionnotcreatedexception\nE   Stacktrace:\nE   Symbols not available. Dumping unresolved backtrace:\nE   \t0x7ff6dd61f3d5\nE   \t0x7ff6dd61f430\nE   \t0x7ff6dd3c0ea6\nE   \t0x7ff6dd3b1744\nE   \t0x7ff6dd407f1b\nE   \t0x7ff6dd402482\nE   \t0x7ff6dd3fcf99\nE   \t0x7ff6dd454091\nE   \t0x7ff6dd4538f6\nE   \t0x7ff6dd40cb0c\nE   \t0x7ff6dd40da53\nE   \t0x7ff6dd8fb470\nE   \t0x7ff6dd8f586d\nE   \t0x7ff6dd91621a\nE   \t0x7ff6dd63b235\nE   \t0x7ff6dd643a5c\nE   \t0x7ff6dd628844\nE   \t0x7ff6dd6289f6\nE   \t0x7ff6dd60eb87\nE   \t0x7ffcdcd2e8d7\nE   \t0x7ffcddbec40c"}, "start": 1770924379932, "stop": 1770924379932, "uuid": "43f85f27-347a-4fa2-b3ce-42c0b37edf5b", "historyId": "26337890e4ed1d650f50eae1a957c961", "testCaseId": "26337890e4ed1d650f50eae1a957c961", "fullName": "tests.cart.test_cart_page#test_remove_electronics_from_cart_by_index", "labels": [{"name": "tag", "value": "cart"}, {"name": "parentSuite", "value": "tests.cart"}, {"name": "suite", "value": "test_cart_page"}, {"name": "host", "value": "DESKTOP-5BBDTNE"}, {"name": "thread", "value": "25236-MainThread"}, {"name": "framework", "value": "pytest"}, {"name": "language", "value": "cpython3"}, {"name": "package", "value": "tests.cart.test_cart_page"}], "titlePath": ["tests", "cart", "test_cart_page.py"]}